{"/home/travis/build/kaizhu256/node-swgg-facebook/test.js":{"path":"/home/travis/build/kaizhu256/node-swgg-facebook/test.js","s":{"1":2,"2":2,"3":2,"4":2,"5":2,"6":2,"7":2,"8":1,"9":2,"10":2,"11":2},"b":{"1":[2,1,1,1],"2":[1,1,1,1],"3":[1,1],"4":[2,1]},"f":{"1":2,"2":2,"3":2},"fnMap":{"1":{"name":"(anonymous_1)","line":13,"loc":{"start":{"line":13,"column":1},"end":{"line":13,"column":13}}},"2":{"name":"(anonymous_2)","line":20,"loc":{"start":{"line":20,"column":3},"end":{"line":20,"column":15}}},"3":{"name":"(anonymous_3)","line":24,"loc":{"start":{"line":24,"column":20},"end":{"line":24,"column":32}}}},"statementMap":{"1":{"start":{"line":13,"column":0},"end":{"line":47,"column":5}},"2":{"start":{"line":15,"column":2},"end":{"line":15,"column":12}},"3":{"start":{"line":20,"column":2},"end":{"line":46,"column":7}},"4":{"start":{"line":22,"column":4},"end":{"line":22,"column":15}},"5":{"start":{"line":24,"column":4},"end":{"line":36,"column":9}},"6":{"start":{"line":25,"column":6},"end":{"line":35,"column":7}},"7":{"start":{"line":26,"column":8},"end":{"line":29,"column":20}},"8":{"start":{"line":31,"column":8},"end":{"line":34,"column":17}},"9":{"start":{"line":38,"column":4},"end":{"line":40,"column":15}},"10":{"start":{"line":42,"column":4},"end":{"line":43,"column":62}},"11":{"start":{"line":45,"column":4},"end":{"line":45,"column":29}}},"branchMap":{"1":{"line":26,"type":"binary-expr","locations":[{"start":{"line":26,"column":15},"end":{"line":26,"column":54}},{"start":{"line":27,"column":10},"end":{"line":27,"column":60}},{"start":{"line":28,"column":10},"end":{"line":28,"column":61}},{"start":{"line":29,"column":10},"end":{"line":29,"column":19}}]},"2":{"line":31,"type":"binary-expr","locations":[{"start":{"line":31,"column":15},"end":{"line":31,"column":29}},{"start":{"line":32,"column":10},"end":{"line":32,"column":51}},{"start":{"line":33,"column":10},"end":{"line":33,"column":60}},{"start":{"line":34,"column":10},"end":{"line":34,"column":16}}]},"3":{"line":38,"type":"cond-expr","locations":[{"start":{"line":39,"column":8},"end":{"line":39,"column":14}},{"start":{"line":40,"column":8},"end":{"line":40,"column":14}}]},"4":{"line":42,"type":"binary-expr","locations":[{"start":{"line":42,"column":34},"end":{"line":42,"column":55}},{"start":{"line":43,"column":6},"end":{"line":43,"column":44}}]}},"code":["/* istanbul instrument in package swgg_facebook */","/*jslint","  bitwise: true,","  browser: true,","  indent: 2,","  maxerr: 8,","  maxlen: 96,","  node: true,","  nomen: true,","  regexp: true,","  stupid: true","*/","(function () {","  'use strict';","  var local;","","","","  // run shared js-env code - init-before","  (function () {","    // init local","    local = {};","    // init modeJs","    local.modeJs = (function () {","      try {","        return typeof navigator.userAgent === 'string' &&","          typeof document.querySelector('body') === 'object' &&","          typeof XMLHttpRequest.prototype.open === 'function' &&","          'browser';","      } catch (errorCaughtBrowser) {","        return module.exports &&","          typeof process.versions.node === 'string' &&","          typeof require('http').createServer === 'function' &&","          'node';","      }","    }());","    // init global","    local.global = local.modeJs === 'browser'","      ? window","      : global;","    // re-init local","    local = local.global.local = (local.global.utility2 ||","      require('./assets.utility2.rollup.js')).requireReadme();","    // init test","    local.testRunInit(local);","  }());","}());",""],"l":{"13":2,"15":2,"20":2,"22":2,"24":2,"25":2,"26":2,"31":1,"38":2,"42":2,"45":2}},"/home/travis/build/kaizhu256/node-swgg-facebook/lib.swgg_facebook.js":{"path":"/home/travis/build/kaizhu256/node-swgg-facebook/lib.swgg_facebook.js","s":{"1":2,"2":2,"3":2,"4":2,"5":2,"6":2,"7":2,"8":1,"9":2,"10":2,"11":2,"12":2,"13":1,"14":1,"15":83,"16":33,"17":1,"18":1,"19":1,"20":1},"b":{"1":[2,1,1,1],"2":[1,1,1,1],"3":[1,1],"4":[2,2],"5":[1,1],"6":[33,50],"7":[83,83],"8":[1,1]},"f":{"1":2,"2":2,"3":2,"4":83},"fnMap":{"1":{"name":"(anonymous_1)","line":13,"loc":{"start":{"line":13,"column":1},"end":{"line":13,"column":13}}},"2":{"name":"(anonymous_2)","line":20,"loc":{"start":{"line":20,"column":3},"end":{"line":20,"column":15}}},"3":{"name":"(anonymous_3)","line":24,"loc":{"start":{"line":24,"column":20},"end":{"line":24,"column":32}}},"4":{"name":"(anonymous_4)","line":50,"loc":{"start":{"line":50,"column":54},"end":{"line":50,"column":69}}}},"statementMap":{"1":{"start":{"line":13,"column":0},"end":{"line":62,"column":5}},"2":{"start":{"line":15,"column":2},"end":{"line":15,"column":12}},"3":{"start":{"line":20,"column":2},"end":{"line":61,"column":7}},"4":{"start":{"line":22,"column":4},"end":{"line":22,"column":15}},"5":{"start":{"line":24,"column":4},"end":{"line":36,"column":9}},"6":{"start":{"line":25,"column":6},"end":{"line":35,"column":7}},"7":{"start":{"line":26,"column":8},"end":{"line":29,"column":20}},"8":{"start":{"line":31,"column":8},"end":{"line":34,"column":17}},"9":{"start":{"line":38,"column":4},"end":{"line":40,"column":15}},"10":{"start":{"line":42,"column":4},"end":{"line":42,"column":50}},"11":{"start":{"line":44,"column":4},"end":{"line":44,"column":46}},"12":{"start":{"line":46,"column":4},"end":{"line":60,"column":5}},"13":{"start":{"line":47,"column":6},"end":{"line":47,"column":50}},"14":{"start":{"line":50,"column":6},"end":{"line":54,"column":9}},"15":{"start":{"line":51,"column":8},"end":{"line":53,"column":9}},"16":{"start":{"line":52,"column":10},"end":{"line":52,"column":36}},"17":{"start":{"line":55,"column":6},"end":{"line":55,"column":29}},"18":{"start":{"line":56,"column":6},"end":{"line":56,"column":43}},"19":{"start":{"line":57,"column":6},"end":{"line":57,"column":37}},"20":{"start":{"line":58,"column":6},"end":{"line":59,"column":47}}},"branchMap":{"1":{"line":26,"type":"binary-expr","locations":[{"start":{"line":26,"column":15},"end":{"line":26,"column":54}},{"start":{"line":27,"column":10},"end":{"line":27,"column":60}},{"start":{"line":28,"column":10},"end":{"line":28,"column":61}},{"start":{"line":29,"column":10},"end":{"line":29,"column":19}}]},"2":{"line":31,"type":"binary-expr","locations":[{"start":{"line":31,"column":15},"end":{"line":31,"column":29}},{"start":{"line":32,"column":10},"end":{"line":32,"column":51}},{"start":{"line":33,"column":10},"end":{"line":33,"column":60}},{"start":{"line":34,"column":10},"end":{"line":34,"column":16}}]},"3":{"line":38,"type":"cond-expr","locations":[{"start":{"line":39,"column":8},"end":{"line":39,"column":14}},{"start":{"line":40,"column":8},"end":{"line":40,"column":14}}]},"4":{"line":42,"type":"binary-expr","locations":[{"start":{"line":42,"column":12},"end":{"line":42,"column":40}},{"start":{"line":42,"column":44},"end":{"line":42,"column":49}}]},"5":{"line":46,"type":"if","locations":[{"start":{"line":46,"column":4},"end":{"line":46,"column":4}},{"start":{"line":46,"column":4},"end":{"line":46,"column":4}}]},"6":{"line":51,"type":"if","locations":[{"start":{"line":51,"column":8},"end":{"line":51,"column":8}},{"start":{"line":51,"column":8},"end":{"line":51,"column":8}}]},"7":{"line":51,"type":"binary-expr","locations":[{"start":{"line":51,"column":12},"end":{"line":51,"column":23}},{"start":{"line":51,"column":27},"end":{"line":51,"column":53}}]},"8":{"line":58,"type":"binary-expr","locations":[{"start":{"line":58,"column":23},"end":{"line":58,"column":51}},{"start":{"line":59,"column":8},"end":{"line":59,"column":46}}]}},"code":["/* istanbul instrument in package swgg_facebook */","/*jslint","  bitwise: true,","  browser: true,","  indent: 2,","  maxerr: 8,","  maxlen: 96,","  node: true,","  nomen: true,","  regexp: true,","  stupid: true","*/","(function () {","  'use strict';","  var local;","","","","  // run shared js-env code - init-before","  (function () {","    // init local","    local = {};","    // init modeJs","    local.modeJs = (function () {","      try {","        return typeof navigator.userAgent === 'string' &&","          typeof document.querySelector('body') === 'object' &&","          typeof XMLHttpRequest.prototype.open === 'function' &&","          'browser';","      } catch (errorCaughtBrowser) {","        return module.exports &&","          typeof process.versions.node === 'string' &&","          typeof require('http').createServer === 'function' &&","          'node';","      }","    }());","    // init global","    local.global = local.modeJs === 'browser'","      ? window","      : global;","    // init utility2_rollup","    local = local.global.utility2_rollup || local;","    // init lib","    local.local = local.swgg_facebook = local;","    // init exports","    if (local.modeJs === 'browser') {","      local.global.utility2_swgg_facebook = local;","    } else {","      // require builtins","      Object.keys(process.binding('natives')).forEach(function (key) {","        if (!local[key] && !(/\\/|^_|^sys$/).test(key)) {","          local[key] = require(key);","        }","      });","      module.exports = local;","      module.exports.__dirname = __dirname;","      module.exports.module = module;","      module.exports = local.global.utility2_rollup ||","        require('./assets.utility2.rollup.js');","    }","  }());","}());",""],"l":{"13":2,"15":2,"20":2,"22":2,"24":2,"25":2,"26":2,"31":1,"38":2,"42":2,"44":2,"46":2,"47":1,"50":1,"51":83,"52":33,"55":1,"56":1,"57":1,"58":1}},"/home/travis/build/kaizhu256/node-swgg-facebook/example.js":{"path":"/home/travis/build/kaizhu256/node-swgg-facebook/example.js","s":{"1":2,"2":2,"3":2,"4":2,"5":2,"6":2,"7":2,"8":1,"9":2,"10":2,"11":2,"12":2,"13":1,"14":0,"15":0,"16":0,"17":0,"18":0,"19":0,"20":0,"21":0,"22":0,"23":0,"24":0,"25":0,"26":0,"27":0,"28":0,"29":0,"30":0,"31":0,"32":0,"33":0,"34":0,"35":0,"36":0,"37":0,"38":0,"39":0,"40":0,"41":0,"42":0,"43":0,"44":0,"45":0,"46":0,"47":0,"48":0,"49":0,"50":0,"51":1,"52":1,"53":83,"54":0,"55":1,"56":1,"57":4,"58":4,"59":4,"60":1,"61":1,"62":0,"63":0,"64":0,"65":0,"66":0,"67":0,"68":0,"69":1,"70":1,"71":0,"72":0,"73":0,"74":0,"75":0,"76":0,"77":0,"78":0,"79":0,"80":0,"81":0,"82":0,"83":0,"84":0,"85":0,"86":0,"87":0},"b":{"1":[2,1,1,1],"2":[1,1,1,1],"3":[1,1],"4":[2,2],"5":[1,1],"6":[0,1],"7":[0,0],"8":[0,0,0,0,0,0],"9":[0,0,0],"10":[0,0],"11":[0,0,0],"12":[0,0],"13":[0,0],"14":[0,0,0,0,0,0,0],"15":[0,0],"16":[0,0],"17":[0,83],"18":[83,50],"19":[1,0],"20":[4,1],"21":[1,3],"22":[0,0,0,0,0],"23":[1,0],"24":[1,0],"25":[0,0],"26":[0,0],"27":[0,0],"28":[0,0],"29":[0,0],"30":[0,0],"31":[0,0]},"f":{"1":2,"2":2,"3":2,"4":0,"5":0,"6":0,"7":0,"8":0,"9":0,"10":0,"11":83,"12":4,"13":0,"14":0},"fnMap":{"1":{"name":"(anonymous_1)","line":131,"loc":{"start":{"line":131,"column":1},"end":{"line":131,"column":13}}},"2":{"name":"(anonymous_2)","line":138,"loc":{"start":{"line":138,"column":3},"end":{"line":138,"column":15}}},"3":{"name":"(anonymous_3)","line":142,"loc":{"start":{"line":142,"column":20},"end":{"line":142,"column":32}}},"4":{"name":"(anonymous_4)","line":175,"loc":{"start":{"line":175,"column":27},"end":{"line":175,"column":44}},"skip":true},"5":{"name":"(anonymous_5)","line":184,"loc":{"start":{"line":184,"column":18},"end":{"line":184,"column":37}},"skip":true},"6":{"name":"(anonymous_6)","line":229,"loc":{"start":{"line":229,"column":29},"end":{"line":229,"column":44}},"skip":true},"7":{"name":"(anonymous_7)","line":231,"loc":{"start":{"line":231,"column":21},"end":{"line":231,"column":33}},"skip":true},"8":{"name":"(anonymous_8)","line":239,"loc":{"start":{"line":239,"column":51},"end":{"line":239,"column":66}},"skip":true},"9":{"name":"(anonymous_9)","line":249,"loc":{"start":{"line":249,"column":41},"end":{"line":249,"column":58}},"skip":true},"10":{"name":"(anonymous_10)","line":250,"loc":{"start":{"line":250,"column":67},"end":{"line":250,"column":86}},"skip":true},"11":{"name":"(anonymous_11)","line":266,"loc":{"start":{"line":266,"column":52},"end":{"line":266,"column":67}},"skip":true},"12":{"name":"(anonymous_12)","line":278,"loc":{"start":{"line":278,"column":14},"end":{"line":278,"column":30}},"skip":true},"13":{"name":"(anonymous_13)","line":291,"loc":{"start":{"line":291,"column":41},"end":{"line":291,"column":67}},"skip":true},"14":{"name":"(anonymous_14)","line":335,"loc":{"start":{"line":335,"column":28},"end":{"line":335,"column":57}},"skip":true}},"statementMap":{"1":{"start":{"line":131,"column":0},"end":{"line":346,"column":5}},"2":{"start":{"line":133,"column":2},"end":{"line":133,"column":12}},"3":{"start":{"line":138,"column":2},"end":{"line":167,"column":7}},"4":{"start":{"line":140,"column":4},"end":{"line":140,"column":15}},"5":{"start":{"line":142,"column":4},"end":{"line":154,"column":9}},"6":{"start":{"line":143,"column":6},"end":{"line":153,"column":7}},"7":{"start":{"line":144,"column":8},"end":{"line":147,"column":20}},"8":{"start":{"line":149,"column":8},"end":{"line":152,"column":17}},"9":{"start":{"line":156,"column":4},"end":{"line":158,"column":15}},"10":{"start":{"line":160,"column":4},"end":{"line":162,"column":39}},"11":{"start":{"line":164,"column":4},"end":{"line":164,"column":31}},"12":{"start":{"line":166,"column":4},"end":{"line":166,"column":92}},"13":{"start":{"line":168,"column":2},"end":{"line":345,"column":3}},"14":{"start":{"line":175,"column":4},"end":{"line":227,"column":6},"skip":true},"15":{"start":{"line":176,"column":6},"end":{"line":194,"column":7},"skip":true},"16":{"start":{"line":182,"column":8},"end":{"line":193,"column":11},"skip":true},"17":{"start":{"line":185,"column":10},"end":{"line":192,"column":11},"skip":true},"18":{"start":{"line":188,"column":12},"end":{"line":188,"column":31},"skip":true},"19":{"start":{"line":189,"column":12},"end":{"line":189,"column":18},"skip":true},"20":{"start":{"line":191,"column":12},"end":{"line":191,"column":37},"skip":true},"21":{"start":{"line":195,"column":6},"end":{"line":213,"column":7},"skip":true},"22":{"start":{"line":198,"column":8},"end":{"line":208,"column":9},"skip":true},"23":{"start":{"line":199,"column":10},"end":{"line":199,"column":78},"skip":true},"24":{"start":{"line":200,"column":10},"end":{"line":201,"column":33},"skip":true},"25":{"start":{"line":202,"column":10},"end":{"line":202,"column":32},"skip":true},"26":{"start":{"line":203,"column":10},"end":{"line":203,"column":38},"skip":true},"27":{"start":{"line":206,"column":10},"end":{"line":206,"column":76},"skip":true},"28":{"start":{"line":207,"column":10},"end":{"line":207,"column":86},"skip":true},"29":{"start":{"line":209,"column":8},"end":{"line":209,"column":14},"skip":true},"30":{"start":{"line":212,"column":8},"end":{"line":212,"column":14},"skip":true},"31":{"start":{"line":214,"column":6},"end":{"line":226,"column":7},"skip":true},"32":{"start":{"line":220,"column":8},"end":{"line":225,"column":9},"skip":true},"33":{"start":{"line":222,"column":10},"end":{"line":222,"column":68},"skip":true},"34":{"start":{"line":224,"column":10},"end":{"line":224,"column":37},"skip":true},"35":{"start":{"line":229,"column":4},"end":{"line":247,"column":7},"skip":true},"36":{"start":{"line":230,"column":6},"end":{"line":230,"column":48},"skip":true},"37":{"start":{"line":231,"column":6},"end":{"line":246,"column":8},"skip":true},"38":{"start":{"line":232,"column":8},"end":{"line":232,"column":20},"skip":true},"39":{"start":{"line":233,"column":8},"end":{"line":233,"column":61},"skip":true},"40":{"start":{"line":234,"column":8},"end":{"line":234,"column":67},"skip":true},"41":{"start":{"line":235,"column":8},"end":{"line":237,"column":9},"skip":true},"42":{"start":{"line":236,"column":10},"end":{"line":236,"column":17},"skip":true},"43":{"start":{"line":239,"column":8},"end":{"line":243,"column":28},"skip":true},"44":{"start":{"line":240,"column":10},"end":{"line":242,"column":43},"skip":true},"45":{"start":{"line":245,"column":8},"end":{"line":245,"column":49},"skip":true},"46":{"start":{"line":249,"column":4},"end":{"line":253,"column":7},"skip":true},"47":{"start":{"line":250,"column":6},"end":{"line":252,"column":9},"skip":true},"48":{"start":{"line":251,"column":8},"end":{"line":251,"column":62},"skip":true},"49":{"start":{"line":255,"column":4},"end":{"line":255,"column":27},"skip":true},"50":{"start":{"line":256,"column":4},"end":{"line":256,"column":10},"skip":true},"51":{"start":{"line":264,"column":4},"end":{"line":264,"column":27},"skip":true},"52":{"start":{"line":266,"column":4},"end":{"line":270,"column":7},"skip":true},"53":{"start":{"line":267,"column":6},"end":{"line":269,"column":7},"skip":true},"54":{"start":{"line":268,"column":8},"end":{"line":268,"column":34},"skip":true},"55":{"start":{"line":272,"column":4},"end":{"line":272,"column":46},"skip":true},"56":{"start":{"line":273,"column":4},"end":{"line":287,"column":7},"skip":true},"57":{"start":{"line":279,"column":6},"end":{"line":279,"column":24},"skip":true},"58":{"start":{"line":280,"column":6},"end":{"line":280,"column":60},"skip":true},"59":{"start":{"line":281,"column":6},"end":{"line":286,"column":7},"skip":true},"60":{"start":{"line":282,"column":8},"end":{"line":285,"column":10},"skip":true},"61":{"start":{"line":288,"column":4},"end":{"line":306,"column":9},"skip":true},"62":{"start":{"line":293,"column":8},"end":{"line":293,"column":23},"skip":true},"63":{"start":{"line":294,"column":8},"end":{"line":305,"column":9},"skip":true},"64":{"start":{"line":296,"column":10},"end":{"line":296,"column":50},"skip":true},"65":{"start":{"line":298,"column":10},"end":{"line":298,"column":33},"skip":true},"66":{"start":{"line":300,"column":10},"end":{"line":300,"column":33},"skip":true},"67":{"start":{"line":302,"column":10},"end":{"line":302,"column":25},"skip":true},"68":{"start":{"line":304,"column":10},"end":{"line":304,"column":24},"skip":true},"69":{"start":{"line":308,"column":4},"end":{"line":310,"column":5},"skip":true},"70":{"start":{"line":309,"column":6},"end":{"line":309,"column":12},"skip":true},"71":{"start":{"line":311,"column":4},"end":{"line":313,"column":48},"skip":true},"72":{"start":{"line":316,"column":4},"end":{"line":321,"column":31},"skip":true},"73":{"start":{"line":323,"column":4},"end":{"line":323,"column":78},"skip":true},"74":{"start":{"line":326,"column":4},"end":{"line":328,"column":5},"skip":true},"75":{"start":{"line":327,"column":6},"end":{"line":327,"column":76},"skip":true},"76":{"start":{"line":330,"column":4},"end":{"line":332,"column":5},"skip":true},"77":{"start":{"line":331,"column":6},"end":{"line":331,"column":12},"skip":true},"78":{"start":{"line":333,"column":4},"end":{"line":333,"column":50},"skip":true},"79":{"start":{"line":334,"column":4},"end":{"line":334,"column":65},"skip":true},"80":{"start":{"line":335,"column":4},"end":{"line":343,"column":32},"skip":true},"81":{"start":{"line":336,"column":6},"end":{"line":336,"column":55},"skip":true},"82":{"start":{"line":337,"column":6},"end":{"line":340,"column":7},"skip":true},"83":{"start":{"line":338,"column":8},"end":{"line":338,"column":67},"skip":true},"84":{"start":{"line":339,"column":8},"end":{"line":339,"column":15},"skip":true},"85":{"start":{"line":341,"column":6},"end":{"line":341,"column":32},"skip":true},"86":{"start":{"line":342,"column":6},"end":{"line":342,"column":21},"skip":true},"87":{"start":{"line":344,"column":4},"end":{"line":344,"column":10},"skip":true}},"branchMap":{"1":{"line":144,"type":"binary-expr","locations":[{"start":{"line":144,"column":15},"end":{"line":144,"column":54}},{"start":{"line":145,"column":10},"end":{"line":145,"column":60}},{"start":{"line":146,"column":10},"end":{"line":146,"column":61}},{"start":{"line":147,"column":10},"end":{"line":147,"column":19}}]},"2":{"line":149,"type":"binary-expr","locations":[{"start":{"line":149,"column":15},"end":{"line":149,"column":29}},{"start":{"line":150,"column":10},"end":{"line":150,"column":51}},{"start":{"line":151,"column":10},"end":{"line":151,"column":60}},{"start":{"line":152,"column":10},"end":{"line":152,"column":16}}]},"3":{"line":156,"type":"cond-expr","locations":[{"start":{"line":157,"column":8},"end":{"line":157,"column":14}},{"start":{"line":158,"column":8},"end":{"line":158,"column":14}}]},"4":{"line":160,"type":"binary-expr","locations":[{"start":{"line":160,"column":12},"end":{"line":160,"column":40}},{"start":{"line":160,"column":45},"end":{"line":162,"column":37}}]},"5":{"line":160,"type":"cond-expr","locations":[{"start":{"line":161,"column":8},"end":{"line":161,"column":43}},{"start":{"line":162,"column":8},"end":{"line":162,"column":37}}]},"6":{"line":168,"type":"switch","locations":[{"start":{"line":174,"column":2},"end":{"line":256,"column":10},"skip":true},{"start":{"line":262,"column":2},"end":{"line":344,"column":10},"skip":true}]},"7":{"line":176,"type":"if","locations":[{"start":{"line":176,"column":6},"end":{"line":176,"column":6},"skip":true},{"start":{"line":176,"column":6},"end":{"line":176,"column":6},"skip":true}]},"8":{"line":176,"type":"binary-expr","locations":[{"start":{"line":176,"column":10},"end":{"line":176,"column":16},"skip":true},{"start":{"line":176,"column":21},"end":{"line":176,"column":26},"skip":true},{"start":{"line":177,"column":10},"end":{"line":177,"column":29},"skip":true},{"start":{"line":178,"column":10},"end":{"line":178,"column":39},"skip":true},{"start":{"line":179,"column":10},"end":{"line":179,"column":48},"skip":true},{"start":{"line":180,"column":10},"end":{"line":180,"column":59},"skip":true}]},"9":{"line":185,"type":"switch","locations":[{"start":{"line":186,"column":10},"end":{"line":186,"column":23},"skip":true},{"start":{"line":187,"column":10},"end":{"line":189,"column":18},"skip":true},{"start":{"line":190,"column":10},"end":{"line":191,"column":37},"skip":true}]},"10":{"line":195,"type":"switch","locations":[{"start":{"line":196,"column":6},"end":{"line":209,"column":14},"skip":true},{"start":{"line":211,"column":6},"end":{"line":212,"column":14},"skip":true}]},"11":{"line":195,"type":"binary-expr","locations":[{"start":{"line":195,"column":14},"end":{"line":195,"column":19},"skip":true},{"start":{"line":195,"column":23},"end":{"line":195,"column":42},"skip":true},{"start":{"line":195,"column":46},"end":{"line":195,"column":68},"skip":true}]},"12":{"line":198,"type":"if","locations":[{"start":{"line":198,"column":8},"end":{"line":198,"column":8},"skip":true},{"start":{"line":198,"column":8},"end":{"line":198,"column":8},"skip":true}]},"13":{"line":214,"type":"if","locations":[{"start":{"line":214,"column":6},"end":{"line":214,"column":6},"skip":true},{"start":{"line":214,"column":6},"end":{"line":214,"column":6},"skip":true}]},"14":{"line":214,"type":"binary-expr","locations":[{"start":{"line":214,"column":10},"end":{"line":214,"column":55},"skip":true},{"start":{"line":214,"column":60},"end":{"line":214,"column":66},"skip":true},{"start":{"line":214,"column":71},"end":{"line":214,"column":76},"skip":true},{"start":{"line":215,"column":10},"end":{"line":215,"column":29},"skip":true},{"start":{"line":216,"column":10},"end":{"line":216,"column":39},"skip":true},{"start":{"line":217,"column":10},"end":{"line":217,"column":48},"skip":true},{"start":{"line":218,"column":10},"end":{"line":218,"column":58},"skip":true}]},"15":{"line":235,"type":"if","locations":[{"start":{"line":235,"column":8},"end":{"line":235,"column":8},"skip":true},{"start":{"line":235,"column":8},"end":{"line":235,"column":8},"skip":true}]},"16":{"line":240,"type":"cond-expr","locations":[{"start":{"line":241,"column":14},"end":{"line":241,"column":17},"skip":true},{"start":{"line":242,"column":14},"end":{"line":242,"column":42},"skip":true}]},"17":{"line":267,"type":"if","locations":[{"start":{"line":267,"column":6},"end":{"line":267,"column":6},"skip":true},{"start":{"line":267,"column":6},"end":{"line":267,"column":6},"skip":true}]},"18":{"line":267,"type":"binary-expr","locations":[{"start":{"line":267,"column":10},"end":{"line":267,"column":21},"skip":true},{"start":{"line":267,"column":25},"end":{"line":267,"column":51},"skip":true}]},"19":{"line":272,"type":"binary-expr","locations":[{"start":{"line":272,"column":23},"end":{"line":272,"column":39},"skip":true},{"start":{"line":272,"column":43},"end":{"line":272,"column":45},"skip":true}]},"20":{"line":280,"type":"binary-expr","locations":[{"start":{"line":280,"column":31},"end":{"line":280,"column":53},"skip":true},{"start":{"line":280,"column":57},"end":{"line":280,"column":59},"skip":true}]},"21":{"line":281,"type":"if","locations":[{"start":{"line":281,"column":6},"end":{"line":281,"column":6},"skip":true},{"start":{"line":281,"column":6},"end":{"line":281,"column":6},"skip":true}]},"22":{"line":294,"type":"switch","locations":[{"start":{"line":295,"column":8},"end":{"line":296,"column":50},"skip":true},{"start":{"line":297,"column":8},"end":{"line":298,"column":33},"skip":true},{"start":{"line":299,"column":8},"end":{"line":300,"column":33},"skip":true},{"start":{"line":301,"column":8},"end":{"line":302,"column":25},"skip":true},{"start":{"line":303,"column":8},"end":{"line":304,"column":24},"skip":true}]},"23":{"line":308,"type":"if","locations":[{"start":{"line":308,"column":4},"end":{"line":308,"column":4},"skip":true},{"start":{"line":308,"column":4},"end":{"line":308,"column":4},"skip":true}]},"24":{"line":308,"type":"binary-expr","locations":[{"start":{"line":308,"column":8},"end":{"line":308,"column":31},"skip":true},{"start":{"line":308,"column":35},"end":{"line":308,"column":63},"skip":true}]},"25":{"line":312,"type":"binary-expr","locations":[{"start":{"line":312,"column":6},"end":{"line":312,"column":44},"skip":true},{"start":{"line":313,"column":6},"end":{"line":313,"column":47},"skip":true}]},"26":{"line":317,"type":"binary-expr","locations":[{"start":{"line":317,"column":6},"end":{"line":317,"column":50},"skip":true},{"start":{"line":318,"column":6},"end":{"line":321,"column":30},"skip":true}]},"27":{"line":323,"type":"binary-expr","locations":[{"start":{"line":323,"column":39},"end":{"line":323,"column":71},"skip":true},{"start":{"line":323,"column":75},"end":{"line":323,"column":77},"skip":true}]},"28":{"line":326,"type":"if","locations":[{"start":{"line":326,"column":4},"end":{"line":326,"column":4},"skip":true},{"start":{"line":326,"column":4},"end":{"line":326,"column":4},"skip":true}]},"29":{"line":330,"type":"if","locations":[{"start":{"line":330,"column":4},"end":{"line":330,"column":4},"skip":true},{"start":{"line":330,"column":4},"end":{"line":330,"column":4},"skip":true}]},"30":{"line":333,"type":"binary-expr","locations":[{"start":{"line":333,"column":23},"end":{"line":333,"column":39},"skip":true},{"start":{"line":333,"column":43},"end":{"line":333,"column":49},"skip":true}]},"31":{"line":337,"type":"if","locations":[{"start":{"line":337,"column":6},"end":{"line":337,"column":6},"skip":true},{"start":{"line":337,"column":6},"end":{"line":337,"column":6},"skip":true}]}},"code":["","","","","","","","","","","","","","","","","","","","","","","","","","","","","","","","","","","","","","","","","","","","","","","","","","","","","","","","","","","","","","","","","","","","","","","","","","","","","","","","","","","","","","","","","","","","","","","","","","","","","","","","/*","example.js","","this script will run a web demo of swgg-facebook","","instruction","  1. save this script as example.js","  2. run the shell command:","    $ npm install swgg-facebook && PORT=8081 node example.js","  3. open a browser to http://127.0.0.1:8081 and play with the web demo","  4. edit this script to suit your needs","*/","","","","/* istanbul instrument in package swgg_facebook */","/*jslint","  bitwise: true,","  browser: true,","  indent: 2,","  maxerr: 8,","  maxlen: 96,","  node: true,","  nomen: true,","  regexp: true,","  stupid: true","*/","(function () {","  'use strict';","  var local;","","","","  // run shared js-env code - init-before","  (function () {","    // init local","    local = {};","    // init modeJs","    local.modeJs = (function () {","      try {","        return typeof navigator.userAgent === 'string' &&","          typeof document.querySelector('body') === 'object' &&","          typeof XMLHttpRequest.prototype.open === 'function' &&","          'browser';","      } catch (errorCaughtBrowser) {","        return module.exports &&","          typeof process.versions.node === 'string' &&","          typeof require('http').createServer === 'function' &&","          'node';","      }","    }());","    // init global","    local.global = local.modeJs === 'browser'","      ? window","      : global;","    // init utility2_rollup","    local = local.global.utility2_rollup || (local.modeJs === 'browser'","      ? local.global.utility2_swgg_facebook","      : global.utility2_moduleExports);","    // init exports","    local.global.local = local;","    // init assets","    local.assetsDict['/assets.index.template.html'] = local.assetsDict['/assets.swgg.html'];","  }());","  switch (local.modeJs) {","","","","  // run browser js-env code - init-test","  /* istanbul ignore next */","  case 'browser':","    local.testRunBrowser = function (event) {","      if (!event || (event &&","          event.currentTarget &&","          event.currentTarget.className &&","          event.currentTarget.className.includes &&","          event.currentTarget.className.includes('onreset'))) {","        // reset output","        Array.from(","          document.querySelectorAll('body > .resettable')","        ).forEach(function (element) {","          switch (element.tagName) {","          case 'INPUT':","          case 'TEXTAREA':","            element.value = '';","            break;","          default:","            element.textContent = '';","          }","        });","      }","      switch (event && event.currentTarget && event.currentTarget.id) {","      case 'testRunButton1':","        // show tests","        if (document.querySelector('#testReportDiv1').style.maxHeight === '0px') {","          local.uiAnimateSlideDown(document.querySelector('#testReportDiv1'));","          document.querySelector('#testRunButton1').textContent =","            'hide internal test';","          local.modeTest = true;","          local.testRunDefault(local);","        // hide tests","        } else {","          local.uiAnimateSlideUp(document.querySelector('#testReportDiv1'));","          document.querySelector('#testRunButton1').textContent = 'run internal test';","        }","        break;","      // custom-case","      default:","        break;","      }","      if (document.querySelector('#inputTextareaEval1') && (!event || (event &&","          event.currentTarget &&","          event.currentTarget.className &&","          event.currentTarget.className.includes &&","          event.currentTarget.className.includes('oneval')))) {","        // try to eval input-code","        try {","          /*jslint evil: true*/","          eval(document.querySelector('#inputTextareaEval1').value);","        } catch (errorCaught) {","          console.error(errorCaught);","        }","      }","    };","    // log stderr and stdout to #outputTextareaStdout1","    ['error', 'log'].forEach(function (key) {","      console[key + '_original'] = console[key];","      console[key] = function () {","        var element;","        console[key + '_original'].apply(console, arguments);","        element = document.querySelector('#outputTextareaStdout1');","        if (!element) {","          return;","        }","        // append text to #outputTextareaStdout1","        element.value += Array.from(arguments).map(function (arg) {","          return typeof arg === 'string'","            ? arg","            : JSON.stringify(arg, null, 2);","        }).join(' ') + '\\n';","        // scroll textarea to bottom","        element.scrollTop = element.scrollHeight;","      };","    });","    // init event-handling","    ['change', 'click', 'keyup'].forEach(function (event) {","      Array.from(document.querySelectorAll('.on' + event)).forEach(function (element) {","        element.addEventListener(event, local.testRunBrowser);","      });","    });","    // run tests","    local.testRunBrowser();","    break;","","","","  // run node js-env code - init-test","  /* istanbul ignore next */","  case 'node':","    // init exports","    module.exports = local;","    // require builtins","    Object.keys(process.binding('natives')).forEach(function (key) {","      if (!local[key] && !(/\\/|^_|^sys$/).test(key)) {","        local[key] = require(key);","      }","    });","    // init assets","    local.assetsDict = local.assetsDict || {};","    [","      'assets.index.css',","      'assets.index.template.html',","      'assets.swgg.swagger.json',","      'assets.swgg.swagger.server.json'","    ].forEach(function (file) {","      file = '/' + file;","      local.assetsDict[file] = local.assetsDict[file] || '';","      if (local.fs.existsSync(local.__dirname + file)) {","        local.assetsDict[file] = local.fs.readFileSync(","          local.__dirname + file,","          'utf8'","        );","      }","    });","    local.assetsDict['/'] =","      local.assetsDict['/assets.example.html'] =","      local.assetsDict['/assets.index.template.html']","      .replace((/\\{\\{env\\.(\\w+?)\\}\\}/g), function (match0, match1) {","        // jslint-hack","        String(match0);","        switch (match1) {","        case 'npm_package_description':","          return 'the greatest app in the world!';","        case 'npm_package_name':","          return 'swgg-facebook';","        case 'npm_package_nameLib':","          return 'swgg_facebook';","        case 'npm_package_version':","          return '0.0.1';","        default:","          return match0;","        }","      });","    // init cli","    if (module !== require.main || local.global.utility2_rollup) {","      break;","    }","    local.assetsDict['/assets.example.js'] =","      local.assetsDict['/assets.example.js'] ||","      local.fs.readFileSync(__filename, 'utf8');","    // bug-workaround - long $npm_package_buildCustomOrg","    /* jslint-ignore-begin */","    local.assetsDict['/assets.swgg_facebook.js'] =","      local.assetsDict['/assets.swgg_facebook.js'] ||","      local.fs.readFileSync(","        local.__dirname + '/lib.swgg_facebook.js',","        'utf8'","      ).replace((/^#!/), '//');","    /* jslint-ignore-end */","    local.assetsDict['/favicon.ico'] = local.assetsDict['/favicon.ico'] || '';","    // if $npm_config_timeout_exit exists,","    // then exit this process after $npm_config_timeout_exit ms","    if (Number(process.env.npm_config_timeout_exit)) {","      setTimeout(process.exit, Number(process.env.npm_config_timeout_exit));","    }","    // start server","    if (local.global.utility2_serverHttp1) {","      break;","    }","    process.env.PORT = process.env.PORT || '8081';","    console.error('server starting on port ' + process.env.PORT);","    local.http.createServer(function (request, response) {","      request.urlParsed = local.url.parse(request.url);","      if (local.assetsDict[request.urlParsed.pathname] !== undefined) {","        response.end(local.assetsDict[request.urlParsed.pathname]);","        return;","      }","      response.statusCode = 404;","      response.end();","    }).listen(process.env.PORT);","    break;","  }","}());"],"l":{"131":2,"133":2,"138":2,"140":2,"142":2,"143":2,"144":2,"149":1,"156":2,"160":2,"164":2,"166":2,"168":1,"175":1,"176":1,"182":1,"185":1,"188":1,"189":1,"191":1,"195":1,"198":1,"199":1,"200":1,"202":1,"203":1,"206":1,"207":1,"209":1,"212":1,"214":1,"220":1,"222":1,"224":1,"229":1,"230":1,"231":1,"232":1,"233":1,"234":1,"235":1,"236":1,"239":1,"240":1,"245":1,"249":1,"250":1,"251":1,"255":1,"256":1,"264":1,"266":1,"267":83,"268":1,"272":1,"273":1,"279":4,"280":4,"281":4,"282":1,"288":1,"293":1,"294":1,"296":1,"298":1,"300":1,"302":1,"304":1,"308":1,"309":1,"311":1,"316":1,"323":1,"326":1,"327":1,"330":1,"331":1,"333":1,"334":1,"335":1,"336":1,"337":1,"338":1,"339":1,"341":1,"342":1,"344":1}}}