{"/home/travis/build/kaizhu256/node-swgg-facebook/test.js":{"path":"/home/travis/build/kaizhu256/node-swgg-facebook/test.js","s":{"1":2,"2":2,"3":2,"4":2,"5":2,"6":2,"7":2,"8":1,"9":2,"10":2,"11":2},"b":{"1":[2,1,1,1],"2":[1,1,1,1],"3":[1,1],"4":[2,1]},"f":{"1":2,"2":2,"3":2},"fnMap":{"1":{"name":"(anonymous_1)","line":12,"loc":{"start":{"line":12,"column":1},"end":{"line":12,"column":13}}},"2":{"name":"(anonymous_2)","line":19,"loc":{"start":{"line":19,"column":5},"end":{"line":19,"column":17}}},"3":{"name":"(anonymous_3)","line":23,"loc":{"start":{"line":23,"column":24},"end":{"line":23,"column":36}}}},"statementMap":{"1":{"start":{"line":12,"column":0},"end":{"line":46,"column":5}},"2":{"start":{"line":14,"column":4},"end":{"line":14,"column":14}},"3":{"start":{"line":19,"column":4},"end":{"line":45,"column":9}},"4":{"start":{"line":21,"column":8},"end":{"line":21,"column":19}},"5":{"start":{"line":23,"column":8},"end":{"line":35,"column":13}},"6":{"start":{"line":24,"column":12},"end":{"line":34,"column":13}},"7":{"start":{"line":25,"column":16},"end":{"line":28,"column":30}},"8":{"start":{"line":30,"column":16},"end":{"line":33,"column":27}},"9":{"start":{"line":37,"column":8},"end":{"line":39,"column":21}},"10":{"start":{"line":41,"column":8},"end":{"line":42,"column":68}},"11":{"start":{"line":44,"column":8},"end":{"line":44,"column":33}}},"branchMap":{"1":{"line":25,"type":"binary-expr","locations":[{"start":{"line":25,"column":23},"end":{"line":25,"column":62}},{"start":{"line":26,"column":20},"end":{"line":26,"column":70}},{"start":{"line":27,"column":20},"end":{"line":27,"column":71}},{"start":{"line":28,"column":20},"end":{"line":28,"column":29}}]},"2":{"line":30,"type":"binary-expr","locations":[{"start":{"line":30,"column":23},"end":{"line":30,"column":37}},{"start":{"line":31,"column":20},"end":{"line":31,"column":61}},{"start":{"line":32,"column":20},"end":{"line":32,"column":70}},{"start":{"line":33,"column":20},"end":{"line":33,"column":26}}]},"3":{"line":37,"type":"cond-expr","locations":[{"start":{"line":38,"column":14},"end":{"line":38,"column":20}},{"start":{"line":39,"column":14},"end":{"line":39,"column":20}}]},"4":{"line":41,"type":"binary-expr","locations":[{"start":{"line":41,"column":38},"end":{"line":41,"column":59}},{"start":{"line":42,"column":12},"end":{"line":42,"column":50}}]}},"code":["/* istanbul instrument in package swgg_facebook */","/*jslint","    bitwise: true,","    browser: true,","    maxerr: 8,","    maxlen: 100,","    node: true,","    nomen: true,","    regexp: true,","    stupid: true","*/","(function () {","    'use strict';","    var local;","","","","    // run shared js-env code - init-before","    (function () {","        // init local","        local = {};","        // init modeJs","        local.modeJs = (function () {","            try {","                return typeof navigator.userAgent === 'string' &&","                    typeof document.querySelector('body') === 'object' &&","                    typeof XMLHttpRequest.prototype.open === 'function' &&","                    'browser';","            } catch (errorCaughtBrowser) {","                return module.exports &&","                    typeof process.versions.node === 'string' &&","                    typeof require('http').createServer === 'function' &&","                    'node';","            }","        }());","        // init global","        local.global = local.modeJs === 'browser'","            ? window","            : global;","        // re-init local","        local = local.global.local = (local.global.utility2 ||","            require('./assets.utility2.rollup.js')).requireReadme();","        // init test","        local.testRunInit(local);","    }());","}());",""],"l":{"12":2,"14":2,"19":2,"21":2,"23":2,"24":2,"25":2,"30":1,"37":2,"41":2,"44":2}},"/home/travis/build/kaizhu256/node-swgg-facebook/lib.swgg_facebook.js":{"path":"/home/travis/build/kaizhu256/node-swgg-facebook/lib.swgg_facebook.js","s":{"1":2,"2":2,"3":2,"4":2,"5":2,"6":2,"7":2,"8":1,"9":2,"10":2,"11":2,"12":2,"13":1,"14":1,"15":83,"16":33,"17":1,"18":1,"19":1,"20":1},"b":{"1":[2,1,1,1],"2":[1,1,1,1],"3":[1,1],"4":[2,2],"5":[1,1],"6":[33,50],"7":[83,83],"8":[1,1]},"f":{"1":2,"2":2,"3":2,"4":83},"fnMap":{"1":{"name":"(anonymous_1)","line":12,"loc":{"start":{"line":12,"column":1},"end":{"line":12,"column":13}}},"2":{"name":"(anonymous_2)","line":19,"loc":{"start":{"line":19,"column":5},"end":{"line":19,"column":17}}},"3":{"name":"(anonymous_3)","line":23,"loc":{"start":{"line":23,"column":24},"end":{"line":23,"column":36}}},"4":{"name":"(anonymous_4)","line":49,"loc":{"start":{"line":49,"column":60},"end":{"line":49,"column":75}}}},"statementMap":{"1":{"start":{"line":12,"column":0},"end":{"line":61,"column":5}},"2":{"start":{"line":14,"column":4},"end":{"line":14,"column":14}},"3":{"start":{"line":19,"column":4},"end":{"line":60,"column":9}},"4":{"start":{"line":21,"column":8},"end":{"line":21,"column":19}},"5":{"start":{"line":23,"column":8},"end":{"line":35,"column":13}},"6":{"start":{"line":24,"column":12},"end":{"line":34,"column":13}},"7":{"start":{"line":25,"column":16},"end":{"line":28,"column":30}},"8":{"start":{"line":30,"column":16},"end":{"line":33,"column":27}},"9":{"start":{"line":37,"column":8},"end":{"line":39,"column":21}},"10":{"start":{"line":41,"column":8},"end":{"line":41,"column":54}},"11":{"start":{"line":43,"column":8},"end":{"line":43,"column":50}},"12":{"start":{"line":45,"column":8},"end":{"line":59,"column":9}},"13":{"start":{"line":46,"column":12},"end":{"line":46,"column":56}},"14":{"start":{"line":49,"column":12},"end":{"line":53,"column":15}},"15":{"start":{"line":50,"column":16},"end":{"line":52,"column":17}},"16":{"start":{"line":51,"column":20},"end":{"line":51,"column":46}},"17":{"start":{"line":54,"column":12},"end":{"line":54,"column":35}},"18":{"start":{"line":55,"column":12},"end":{"line":55,"column":49}},"19":{"start":{"line":56,"column":12},"end":{"line":56,"column":43}},"20":{"start":{"line":57,"column":12},"end":{"line":58,"column":55}}},"branchMap":{"1":{"line":25,"type":"binary-expr","locations":[{"start":{"line":25,"column":23},"end":{"line":25,"column":62}},{"start":{"line":26,"column":20},"end":{"line":26,"column":70}},{"start":{"line":27,"column":20},"end":{"line":27,"column":71}},{"start":{"line":28,"column":20},"end":{"line":28,"column":29}}]},"2":{"line":30,"type":"binary-expr","locations":[{"start":{"line":30,"column":23},"end":{"line":30,"column":37}},{"start":{"line":31,"column":20},"end":{"line":31,"column":61}},{"start":{"line":32,"column":20},"end":{"line":32,"column":70}},{"start":{"line":33,"column":20},"end":{"line":33,"column":26}}]},"3":{"line":37,"type":"cond-expr","locations":[{"start":{"line":38,"column":14},"end":{"line":38,"column":20}},{"start":{"line":39,"column":14},"end":{"line":39,"column":20}}]},"4":{"line":41,"type":"binary-expr","locations":[{"start":{"line":41,"column":16},"end":{"line":41,"column":44}},{"start":{"line":41,"column":48},"end":{"line":41,"column":53}}]},"5":{"line":45,"type":"if","locations":[{"start":{"line":45,"column":8},"end":{"line":45,"column":8}},{"start":{"line":45,"column":8},"end":{"line":45,"column":8}}]},"6":{"line":50,"type":"if","locations":[{"start":{"line":50,"column":16},"end":{"line":50,"column":16}},{"start":{"line":50,"column":16},"end":{"line":50,"column":16}}]},"7":{"line":50,"type":"binary-expr","locations":[{"start":{"line":50,"column":20},"end":{"line":50,"column":31}},{"start":{"line":50,"column":35},"end":{"line":50,"column":61}}]},"8":{"line":57,"type":"binary-expr","locations":[{"start":{"line":57,"column":29},"end":{"line":57,"column":57}},{"start":{"line":58,"column":16},"end":{"line":58,"column":54}}]}},"code":["/* istanbul instrument in package swgg_facebook */","/*jslint","    bitwise: true,","    browser: true,","    maxerr: 8,","    maxlen: 100,","    node: true,","    nomen: true,","    regexp: true,","    stupid: true","*/","(function () {","    'use strict';","    var local;","","","","    // run shared js-env code - init-before","    (function () {","        // init local","        local = {};","        // init modeJs","        local.modeJs = (function () {","            try {","                return typeof navigator.userAgent === 'string' &&","                    typeof document.querySelector('body') === 'object' &&","                    typeof XMLHttpRequest.prototype.open === 'function' &&","                    'browser';","            } catch (errorCaughtBrowser) {","                return module.exports &&","                    typeof process.versions.node === 'string' &&","                    typeof require('http').createServer === 'function' &&","                    'node';","            }","        }());","        // init global","        local.global = local.modeJs === 'browser'","            ? window","            : global;","        // init utility2_rollup","        local = local.global.utility2_rollup || local;","        // init lib","        local.local = local.swgg_facebook = local;","        // init exports","        if (local.modeJs === 'browser') {","            local.global.utility2_swgg_facebook = local;","        } else {","            // require builtins","            Object.keys(process.binding('natives')).forEach(function (key) {","                if (!local[key] && !(/\\/|^_|^sys$/).test(key)) {","                    local[key] = require(key);","                }","            });","            module.exports = local;","            module.exports.__dirname = __dirname;","            module.exports.module = module;","            module.exports = local.global.utility2_rollup ||","                require('./assets.utility2.rollup.js');","        }","    }());","}());",""],"l":{"12":2,"14":2,"19":2,"21":2,"23":2,"24":2,"25":2,"30":1,"37":2,"41":2,"43":2,"45":2,"46":1,"49":1,"50":83,"51":33,"54":1,"55":1,"56":1,"57":1}},"/home/travis/build/kaizhu256/node-swgg-facebook/example.js":{"path":"/home/travis/build/kaizhu256/node-swgg-facebook/example.js","s":{"1":2,"2":2,"3":2,"4":2,"5":2,"6":2,"7":2,"8":1,"9":2,"10":2,"11":2,"12":2,"13":1,"14":0,"15":1,"16":1,"17":83,"18":0,"19":1,"20":1,"21":4,"22":4,"23":4,"24":1,"25":1,"26":0,"27":0,"28":0,"29":0,"30":0,"31":0,"32":0,"33":1,"34":1,"35":0,"36":0,"37":0,"38":0,"39":0,"40":0,"41":0,"42":0,"43":0,"44":0,"45":0,"46":0,"47":0,"48":0,"49":0,"50":0,"51":0},"b":{"1":[2,1,1,1],"2":[1,1,1,1],"3":[1,1],"4":[2,2],"5":[1,1],"6":[0,1],"7":[0,83],"8":[83,50],"9":[1,0],"10":[4,1],"11":[1,3],"12":[0,0,0,0,0],"13":[1,0],"14":[1,0],"15":[0,0],"16":[0,0],"17":[0,0],"18":[0,0],"19":[0,0],"20":[0,0],"21":[0,0]},"f":{"1":2,"2":2,"3":2,"4":83,"5":4,"6":0,"7":0},"fnMap":{"1":{"name":"(anonymous_1)","line":134,"loc":{"start":{"line":134,"column":1},"end":{"line":134,"column":13}}},"2":{"name":"(anonymous_2)","line":141,"loc":{"start":{"line":141,"column":5},"end":{"line":141,"column":17}}},"3":{"name":"(anonymous_3)","line":145,"loc":{"start":{"line":145,"column":24},"end":{"line":145,"column":36}}},"4":{"name":"(anonymous_4)","line":188,"loc":{"start":{"line":188,"column":56},"end":{"line":188,"column":71}},"skip":true},"5":{"name":"(anonymous_5)","line":200,"loc":{"start":{"line":200,"column":18},"end":{"line":200,"column":34}},"skip":true},"6":{"name":"(anonymous_6)","line":213,"loc":{"start":{"line":213,"column":47},"end":{"line":213,"column":73}},"skip":true},"7":{"name":"(anonymous_7)","line":257,"loc":{"start":{"line":257,"column":32},"end":{"line":257,"column":61}},"skip":true}},"statementMap":{"1":{"start":{"line":134,"column":0},"end":{"line":268,"column":5}},"2":{"start":{"line":136,"column":4},"end":{"line":136,"column":14}},"3":{"start":{"line":141,"column":4},"end":{"line":170,"column":9}},"4":{"start":{"line":143,"column":8},"end":{"line":143,"column":19}},"5":{"start":{"line":145,"column":8},"end":{"line":157,"column":13}},"6":{"start":{"line":146,"column":12},"end":{"line":156,"column":13}},"7":{"start":{"line":147,"column":16},"end":{"line":150,"column":30}},"8":{"start":{"line":152,"column":16},"end":{"line":155,"column":27}},"9":{"start":{"line":159,"column":8},"end":{"line":161,"column":21}},"10":{"start":{"line":163,"column":8},"end":{"line":165,"column":45}},"11":{"start":{"line":167,"column":8},"end":{"line":167,"column":35}},"12":{"start":{"line":169,"column":8},"end":{"line":169,"column":96}},"13":{"start":{"line":171,"column":4},"end":{"line":267,"column":5}},"14":{"start":{"line":178,"column":8},"end":{"line":178,"column":14},"skip":true},"15":{"start":{"line":186,"column":8},"end":{"line":186,"column":31},"skip":true},"16":{"start":{"line":188,"column":8},"end":{"line":192,"column":11},"skip":true},"17":{"start":{"line":189,"column":12},"end":{"line":191,"column":13},"skip":true},"18":{"start":{"line":190,"column":16},"end":{"line":190,"column":42},"skip":true},"19":{"start":{"line":194,"column":8},"end":{"line":194,"column":50},"skip":true},"20":{"start":{"line":195,"column":8},"end":{"line":209,"column":11},"skip":true},"21":{"start":{"line":201,"column":12},"end":{"line":201,"column":30},"skip":true},"22":{"start":{"line":202,"column":12},"end":{"line":202,"column":66},"skip":true},"23":{"start":{"line":203,"column":12},"end":{"line":208,"column":13},"skip":true},"24":{"start":{"line":204,"column":16},"end":{"line":207,"column":18},"skip":true},"25":{"start":{"line":210,"column":8},"end":{"line":228,"column":15},"skip":true},"26":{"start":{"line":215,"column":16},"end":{"line":215,"column":31},"skip":true},"27":{"start":{"line":216,"column":16},"end":{"line":227,"column":17},"skip":true},"28":{"start":{"line":218,"column":20},"end":{"line":218,"column":60},"skip":true},"29":{"start":{"line":220,"column":20},"end":{"line":220,"column":43},"skip":true},"30":{"start":{"line":222,"column":20},"end":{"line":222,"column":43},"skip":true},"31":{"start":{"line":224,"column":20},"end":{"line":224,"column":35},"skip":true},"32":{"start":{"line":226,"column":20},"end":{"line":226,"column":34},"skip":true},"33":{"start":{"line":230,"column":8},"end":{"line":232,"column":9},"skip":true},"34":{"start":{"line":231,"column":12},"end":{"line":231,"column":18},"skip":true},"35":{"start":{"line":233,"column":8},"end":{"line":235,"column":54},"skip":true},"36":{"start":{"line":238,"column":8},"end":{"line":243,"column":37},"skip":true},"37":{"start":{"line":245,"column":8},"end":{"line":245,"column":82},"skip":true},"38":{"start":{"line":248,"column":8},"end":{"line":250,"column":9},"skip":true},"39":{"start":{"line":249,"column":12},"end":{"line":249,"column":82},"skip":true},"40":{"start":{"line":252,"column":8},"end":{"line":254,"column":9},"skip":true},"41":{"start":{"line":253,"column":12},"end":{"line":253,"column":18},"skip":true},"42":{"start":{"line":255,"column":8},"end":{"line":255,"column":54},"skip":true},"43":{"start":{"line":256,"column":8},"end":{"line":256,"column":69},"skip":true},"44":{"start":{"line":257,"column":8},"end":{"line":265,"column":36},"skip":true},"45":{"start":{"line":258,"column":12},"end":{"line":258,"column":61},"skip":true},"46":{"start":{"line":259,"column":12},"end":{"line":262,"column":13},"skip":true},"47":{"start":{"line":260,"column":16},"end":{"line":260,"column":75},"skip":true},"48":{"start":{"line":261,"column":16},"end":{"line":261,"column":23},"skip":true},"49":{"start":{"line":263,"column":12},"end":{"line":263,"column":38},"skip":true},"50":{"start":{"line":264,"column":12},"end":{"line":264,"column":27},"skip":true},"51":{"start":{"line":266,"column":8},"end":{"line":266,"column":14},"skip":true}},"branchMap":{"1":{"line":147,"type":"binary-expr","locations":[{"start":{"line":147,"column":23},"end":{"line":147,"column":62}},{"start":{"line":148,"column":20},"end":{"line":148,"column":70}},{"start":{"line":149,"column":20},"end":{"line":149,"column":71}},{"start":{"line":150,"column":20},"end":{"line":150,"column":29}}]},"2":{"line":152,"type":"binary-expr","locations":[{"start":{"line":152,"column":23},"end":{"line":152,"column":37}},{"start":{"line":153,"column":20},"end":{"line":153,"column":61}},{"start":{"line":154,"column":20},"end":{"line":154,"column":70}},{"start":{"line":155,"column":20},"end":{"line":155,"column":26}}]},"3":{"line":159,"type":"cond-expr","locations":[{"start":{"line":160,"column":14},"end":{"line":160,"column":20}},{"start":{"line":161,"column":14},"end":{"line":161,"column":20}}]},"4":{"line":163,"type":"binary-expr","locations":[{"start":{"line":163,"column":16},"end":{"line":163,"column":44}},{"start":{"line":163,"column":49},"end":{"line":165,"column":43}}]},"5":{"line":163,"type":"cond-expr","locations":[{"start":{"line":164,"column":14},"end":{"line":164,"column":49}},{"start":{"line":165,"column":14},"end":{"line":165,"column":43}}]},"6":{"line":171,"type":"switch","locations":[{"start":{"line":177,"column":4},"end":{"line":178,"column":14},"skip":true},{"start":{"line":184,"column":4},"end":{"line":266,"column":14},"skip":true}]},"7":{"line":189,"type":"if","locations":[{"start":{"line":189,"column":12},"end":{"line":189,"column":12},"skip":true},{"start":{"line":189,"column":12},"end":{"line":189,"column":12},"skip":true}]},"8":{"line":189,"type":"binary-expr","locations":[{"start":{"line":189,"column":16},"end":{"line":189,"column":27},"skip":true},{"start":{"line":189,"column":31},"end":{"line":189,"column":57},"skip":true}]},"9":{"line":194,"type":"binary-expr","locations":[{"start":{"line":194,"column":27},"end":{"line":194,"column":43},"skip":true},{"start":{"line":194,"column":47},"end":{"line":194,"column":49},"skip":true}]},"10":{"line":202,"type":"binary-expr","locations":[{"start":{"line":202,"column":37},"end":{"line":202,"column":59},"skip":true},{"start":{"line":202,"column":63},"end":{"line":202,"column":65},"skip":true}]},"11":{"line":203,"type":"if","locations":[{"start":{"line":203,"column":12},"end":{"line":203,"column":12},"skip":true},{"start":{"line":203,"column":12},"end":{"line":203,"column":12},"skip":true}]},"12":{"line":216,"type":"switch","locations":[{"start":{"line":217,"column":16},"end":{"line":218,"column":60},"skip":true},{"start":{"line":219,"column":16},"end":{"line":220,"column":43},"skip":true},{"start":{"line":221,"column":16},"end":{"line":222,"column":43},"skip":true},{"start":{"line":223,"column":16},"end":{"line":224,"column":35},"skip":true},{"start":{"line":225,"column":16},"end":{"line":226,"column":34},"skip":true}]},"13":{"line":230,"type":"if","locations":[{"start":{"line":230,"column":8},"end":{"line":230,"column":8},"skip":true},{"start":{"line":230,"column":8},"end":{"line":230,"column":8},"skip":true}]},"14":{"line":230,"type":"binary-expr","locations":[{"start":{"line":230,"column":12},"end":{"line":230,"column":35},"skip":true},{"start":{"line":230,"column":39},"end":{"line":230,"column":67},"skip":true}]},"15":{"line":234,"type":"binary-expr","locations":[{"start":{"line":234,"column":12},"end":{"line":234,"column":50},"skip":true},{"start":{"line":235,"column":12},"end":{"line":235,"column":53},"skip":true}]},"16":{"line":239,"type":"binary-expr","locations":[{"start":{"line":239,"column":12},"end":{"line":239,"column":56},"skip":true},{"start":{"line":240,"column":12},"end":{"line":243,"column":36},"skip":true}]},"17":{"line":245,"type":"binary-expr","locations":[{"start":{"line":245,"column":43},"end":{"line":245,"column":75},"skip":true},{"start":{"line":245,"column":79},"end":{"line":245,"column":81},"skip":true}]},"18":{"line":248,"type":"if","locations":[{"start":{"line":248,"column":8},"end":{"line":248,"column":8},"skip":true},{"start":{"line":248,"column":8},"end":{"line":248,"column":8},"skip":true}]},"19":{"line":252,"type":"if","locations":[{"start":{"line":252,"column":8},"end":{"line":252,"column":8},"skip":true},{"start":{"line":252,"column":8},"end":{"line":252,"column":8},"skip":true}]},"20":{"line":255,"type":"binary-expr","locations":[{"start":{"line":255,"column":27},"end":{"line":255,"column":43},"skip":true},{"start":{"line":255,"column":47},"end":{"line":255,"column":53},"skip":true}]},"21":{"line":259,"type":"if","locations":[{"start":{"line":259,"column":12},"end":{"line":259,"column":12},"skip":true},{"start":{"line":259,"column":12},"end":{"line":259,"column":12},"skip":true}]}},"code":["","","","","","","","","","","","","","","","","","","","","","","","","","","","","","","","","","","","","","","","","","","","","","","","","","","","","","","","","","","","","","","","","","","","","","","","","","","","","","","","","","","","","","","","","","","","","","","","","","","","","","","","","","","","/*","example.js","","this script will run a web-demo of swgg-facebook","","instruction","    1. save this script as example.js","    2. run the shell command:","        $ npm install swgg-facebook && PORT=8081 node example.js","    3. open a browser to http://127.0.0.1:8081 and play with the web-demo","    4. edit this script to suit your needs","*/","","","","/* istanbul instrument in package swgg_facebook */","/*jslint","    bitwise: true,","    browser: true,","    maxerr: 8,","    maxlen: 100,","    node: true,","    nomen: true,","    regexp: true,","    stupid: true","*/","(function () {","    'use strict';","    var local;","","","","    // run shared js-env code - init-before","    (function () {","        // init local","        local = {};","        // init modeJs","        local.modeJs = (function () {","            try {","                return typeof navigator.userAgent === 'string' &&","                    typeof document.querySelector('body') === 'object' &&","                    typeof XMLHttpRequest.prototype.open === 'function' &&","                    'browser';","            } catch (errorCaughtBrowser) {","                return module.exports &&","                    typeof process.versions.node === 'string' &&","                    typeof require('http').createServer === 'function' &&","                    'node';","            }","        }());","        // init global","        local.global = local.modeJs === 'browser'","            ? window","            : global;","        // init utility2_rollup","        local = local.global.utility2_rollup || (local.modeJs === 'browser'","            ? local.global.utility2_swgg_facebook","            : global.utility2_moduleExports);","        // init exports","        local.global.local = local;","        // init assets","        local.assetsDict['/assets.index.template.html'] = local.assetsDict['/assets.swgg.html'];","    }());","    switch (local.modeJs) {","","","","    // run browser js-env code - init-test","    /* istanbul ignore next */","    case 'browser':","        break;","","","","    // run node js-env code - init-test","    /* istanbul ignore next */","    case 'node':","        // init exports","        module.exports = local;","        // require builtins","        Object.keys(process.binding('natives')).forEach(function (key) {","            if (!local[key] && !(/\\/|^_|^sys$/).test(key)) {","                local[key] = require(key);","            }","        });","        // init assets","        local.assetsDict = local.assetsDict || {};","        [","            'assets.index.css',","            'assets.index.template.html',","            'assets.swgg.swagger.json',","            'assets.swgg.swagger.server.json'","        ].forEach(function (file) {","            file = '/' + file;","            local.assetsDict[file] = local.assetsDict[file] || '';","            if (local.fs.existsSync(local.__dirname + file)) {","                local.assetsDict[file] = local.fs.readFileSync(","                    local.__dirname + file,","                    'utf8'","                );","            }","        });","        local.assetsDict['/'] =","            local.assetsDict['/assets.example.html'] =","            local.assetsDict['/assets.index.template.html']","            .replace((/\\{\\{env\\.(\\w+?)\\}\\}/g), function (match0, match1) {","                // jslint-hack","                String(match0);","                switch (match1) {","                case 'npm_package_description':","                    return 'the greatest app in the world!';","                case 'npm_package_name':","                    return 'swgg-facebook';","                case 'npm_package_nameLib':","                    return 'swgg_facebook';","                case 'npm_package_version':","                    return '0.0.1';","                default:","                    return match0;","                }","            });","        // init cli","        if (module !== require.main || local.global.utility2_rollup) {","            break;","        }","        local.assetsDict['/assets.example.js'] =","            local.assetsDict['/assets.example.js'] ||","            local.fs.readFileSync(__filename, 'utf8');","        // bug-workaround - long $npm_package_buildCustomOrg","        /* jslint-ignore-begin */","        local.assetsDict['/assets.swgg_facebook.js'] =","            local.assetsDict['/assets.swgg_facebook.js'] ||","            local.fs.readFileSync(","                local.__dirname + '/lib.swgg_facebook.js',","                'utf8'","            ).replace((/^#!/), '//');","        /* jslint-ignore-end */","        local.assetsDict['/favicon.ico'] = local.assetsDict['/favicon.ico'] || '';","        // if $npm_config_timeout_exit exists,","        // then exit this process after $npm_config_timeout_exit ms","        if (Number(process.env.npm_config_timeout_exit)) {","            setTimeout(process.exit, Number(process.env.npm_config_timeout_exit));","        }","        // start server","        if (local.global.utility2_serverHttp1) {","            break;","        }","        process.env.PORT = process.env.PORT || '8081';","        console.error('server starting on port ' + process.env.PORT);","        local.http.createServer(function (request, response) {","            request.urlParsed = local.url.parse(request.url);","            if (local.assetsDict[request.urlParsed.pathname] !== undefined) {","                response.end(local.assetsDict[request.urlParsed.pathname]);","                return;","            }","            response.statusCode = 404;","            response.end();","        }).listen(process.env.PORT);","        break;","    }","}());"],"l":{"134":2,"136":2,"141":2,"143":2,"145":2,"146":2,"147":2,"152":1,"159":2,"163":2,"167":2,"169":2,"171":1,"178":1,"186":1,"188":1,"189":83,"190":1,"194":1,"195":1,"201":4,"202":4,"203":4,"204":1,"210":1,"215":1,"216":1,"218":1,"220":1,"222":1,"224":1,"226":1,"230":1,"231":1,"233":1,"238":1,"245":1,"248":1,"249":1,"252":1,"253":1,"255":1,"256":1,"257":1,"258":1,"259":1,"260":1,"261":1,"263":1,"264":1,"266":1}}}